Determining if the pthread_create exist failed with the following output:
Change Dir: /home/tor/Desktop/superdata/exercise6/poisson1d/_build/CMakeFiles/CMakeTmp

Run Build Command:/usr/bin/make "cmTryCompileExec4210631021/fast"
/usr/bin/make -f CMakeFiles/cmTryCompileExec4210631021.dir/build.make CMakeFiles/cmTryCompileExec4210631021.dir/build
make[1]: Entering directory `/home/tor/Desktop/superdata/exercise6/poisson1d/_build/CMakeFiles/CMakeTmp'
/usr/bin/cmake -E cmake_progress_report /home/tor/Desktop/superdata/exercise6/poisson1d/_build/CMakeFiles/CMakeTmp/CMakeFiles 1
Building C object CMakeFiles/cmTryCompileExec4210631021.dir/CheckSymbolExists.c.o
/usr/bin/cc    -o CMakeFiles/cmTryCompileExec4210631021.dir/CheckSymbolExists.c.o   -c /home/tor/Desktop/superdata/exercise6/poisson1d/_build/CMakeFiles/CMakeTmp/CheckSymbolExists.c
Linking C executable cmTryCompileExec4210631021
/usr/bin/cmake -E cmake_link_script CMakeFiles/cmTryCompileExec4210631021.dir/link.txt --verbose=1
/usr/bin/cc       CMakeFiles/cmTryCompileExec4210631021.dir/CheckSymbolExists.c.o  -o cmTryCompileExec4210631021 -rdynamic 
CMakeFiles/cmTryCompileExec4210631021.dir/CheckSymbolExists.c.o: In function `main':
CheckSymbolExists.c:(.text+0x16): undefined reference to `pthread_create'
collect2: error: ld returned 1 exit status
make[1]: *** [cmTryCompileExec4210631021] Error 1
make[1]: Leaving directory `/home/tor/Desktop/superdata/exercise6/poisson1d/_build/CMakeFiles/CMakeTmp'
make: *** [cmTryCompileExec4210631021/fast] Error 2

File /home/tor/Desktop/superdata/exercise6/poisson1d/_build/CMakeFiles/CMakeTmp/CheckSymbolExists.c:
/* */
#include <pthread.h>

int main(int argc, char** argv)
{
  (void)argv;
#ifndef pthread_create
  return ((int*)(&pthread_create))[argc];
#else
  (void)argc;
  return 0;
#endif
}

Determining if the function pthread_create exists in the pthreads failed with the following output:
Change Dir: /home/tor/Desktop/superdata/exercise6/poisson1d/_build/CMakeFiles/CMakeTmp

Run Build Command:/usr/bin/make "cmTryCompileExec2491884389/fast"
/usr/bin/make -f CMakeFiles/cmTryCompileExec2491884389.dir/build.make CMakeFiles/cmTryCompileExec2491884389.dir/build
make[1]: Entering directory `/home/tor/Desktop/superdata/exercise6/poisson1d/_build/CMakeFiles/CMakeTmp'
/usr/bin/cmake -E cmake_progress_report /home/tor/Desktop/superdata/exercise6/poisson1d/_build/CMakeFiles/CMakeTmp/CMakeFiles 1
Building C object CMakeFiles/cmTryCompileExec2491884389.dir/CheckFunctionExists.c.o
/usr/bin/cc   -DCHECK_FUNCTION_EXISTS=pthread_create   -o CMakeFiles/cmTryCompileExec2491884389.dir/CheckFunctionExists.c.o   -c /usr/share/cmake-2.8/Modules/CheckFunctionExists.c
Linking C executable cmTryCompileExec2491884389
/usr/bin/cmake -E cmake_link_script CMakeFiles/cmTryCompileExec2491884389.dir/link.txt --verbose=1
/usr/bin/cc   -DCHECK_FUNCTION_EXISTS=pthread_create    CMakeFiles/cmTryCompileExec2491884389.dir/CheckFunctionExists.c.o  -o cmTryCompileExec2491884389 -rdynamic -lpthreads 
/usr/bin/ld: cannot find -lpthreads
collect2: error: ld returned 1 exit status
make[1]: *** [cmTryCompileExec2491884389] Error 1
make[1]: Leaving directory `/home/tor/Desktop/superdata/exercise6/poisson1d/_build/CMakeFiles/CMakeTmp'
make: *** [cmTryCompileExec2491884389/fast] Error 2


